<?xml version="1.0" encoding="UTF-8"?>
<!-- Generated by org.testng.reporters.JUnitReportReporter -->
<testsuite hostname="Rajat" failures="0" tests="1" name="Tests.LoginTest" time="1.951" errors="0" timestamp="24 Oct 2024 06:28:49 GMT" skipped="0">
  <testcase classname="Tests.LoginTest" name="testInsertAndVerifyData" time="1.951"/>
</testsuite> <!-- Tests.LoginTest -->
